[15:08:52.753] [INFO] storybook v10.5.0
[15:08:52.857] [DEBUG] Command "yarn.cmd" not found, trying next variation...
[15:08:52.882] [DEBUG] Command "yarn.exe" not found, trying next variation...
[15:08:52.986] [DEBUG] Command "yarn.ps1" not found, trying next variation...
[15:08:53.037] [DEBUG] Command "pnpm.cmd" not found, trying next variation...
[15:08:53.062] [DEBUG] Command "pnpm.exe" not found, trying next variation...
[15:08:53.087] [DEBUG] Command "pnpm.ps1" not found, trying next variation...
[15:08:53.340] [DEBUG] Getting package.json info for C:/dev/card-component-demo/package.json...
[15:08:53.692] [ERROR] [38;2;241;97;97mError: Failed to load static files, no such directory: [36mC:\dev\card-component-demo\packages\apps\card-component-demo\public[39m
Make sure this directory exists.[39m
    at parseStaticDir (file:///C:/dev/card-component-demo/node_modules/storybook/dist/_node-chunks/chunk-YXP5YOPH.js:161:11)
    at file:///C:/dev/card-component-demo/node_modules/storybook/dist/core-server/presets/common-preset.js:1887:48
    at Array.map (<anonymous>)
    at Object.favicon (file:///C:/dev/card-component-demo/node_modules/storybook/dist/core-server/presets/common-preset.js:1882:193)
    at async useStatics (file:///C:/dev/card-component-demo/node_modules/storybook/dist/_node-chunks/chunk-YXP5YOPH.js:117:83)
    at async Promise.all (index 2)
    at async storybookDevServer (file:///C:/dev/card-component-demo/node_modules/storybook/dist/core-server/index.js:11211:141)
    at async buildOrThrow (file:///C:/dev/card-component-demo/node_modules/storybook/dist/core-server/index.js:8331:12)
    at async buildDevStandalone (file:///C:/dev/card-component-demo/node_modules/storybook/dist/core-server/index.js:11990:41)
    at async withTelemetry (file:///C:/dev/card-component-demo/node_modules/storybook/dist/_node-chunks/chunk-YXP5YOPH.js:1785:12)
[15:08:53.693] [WARN] Broken build, fix the error above.
You may need to refresh the browser.